Design Assistant report for dummy_tennis
Wed Apr 06 21:12:23 2016
Quartus II 64-Bit Version 15.0.0 Build 145 04/22/2015 SJ Full Version


---------------------
; Table of Contents ;
---------------------
  1. Legal Notice
  2. Design Assistant Summary
  3. Parallel Compilation
  4. Design Assistant Settings
  5. Critical Violations
  6. High Violations
  7. Medium Violations
  8. Information only Violations
  9. Design Assistant Messages



----------------
; Legal Notice ;
----------------
Copyright (C) 1991-2015 Altera Corporation. All rights reserved.
Your use of Altera Corporation's design tools, logic functions 
and other software and tools, and its AMPP partner logic 
functions, and any output files from any of the foregoing 
(including device programming or simulation files), and any 
associated documentation or information are expressly subject 
to the terms and conditions of the Altera Program License 
Subscription Agreement, the Altera Quartus II License Agreement,
the Altera MegaCore Function License Agreement, or other 
applicable license agreement, including, without limitation, 
that your use is for the sole purpose of programming logic 
devices manufactured by Altera and sold by Altera or its 
authorized distributors.  Please refer to the applicable 
agreement for further details.



+-------------------------------------------------------------------------+
; Design Assistant Summary                                                ;
+-----------------------------------+-------------------------------------+
; Design Assistant Status           ; Analyzed - Wed Apr 06 21:12:22 2016 ;
; Revision Name                     ; dummy_tennis                        ;
; Top-level Entity Name             ; dummy_tennis                        ;
; Family                            ; Cyclone V                           ;
; Total Critical Violations         ; 1                                   ;
; - Rule A101                       ; 1                                   ;
; Total High Violations             ; 4                                   ;
; - Rule A108                       ; 4                                   ;
; Total Medium Violations           ; 2                                   ;
; - Rule C104                       ; 1                                   ;
; - Rule R102                       ; 1                                   ;
; Total Information only Violations ; 59                                  ;
; - Rule T101                       ; 9                                   ;
; - Rule T102                       ; 50                                  ;
+-----------------------------------+-------------------------------------+


+------------------------------------------+
; Parallel Compilation                     ;
+----------------------------+-------------+
; Processors                 ; Number      ;
+----------------------------+-------------+
; Number detected on machine ; 8           ;
; Maximum allowed            ; 4           ;
;                            ;             ;
; Average used               ; 1.00        ;
; Maximum used               ; 4           ;
;                            ;             ;
; Usage by Processor         ; % Time Used ;
;     Processor 1            ; 100.0%      ;
;     Processors 2-4         ; < 0.1%      ;
;     Processors 5-8         ;   0.0%      ;
+----------------------------+-------------+


+------------------------------------------------------------------------------------------------------------------------------------------------------------------------------------------+
; Design Assistant Settings                                                                                                                                                                ;
+----------------------------------------------------------------------------------------------------------------------------------------------------------------------+--------------+----+
; Option                                                                                                                                                               ; Setting      ; To ;
+----------------------------------------------------------------------------------------------------------------------------------------------------------------------+--------------+----+
; Design Assistant mode                                                                                                                                                ; Post-Fitting ;    ;
; Threshold value for clock net not mapped to clock spines rule                                                                                                        ; 25           ;    ;
; Minimum number of clock port feed by gated clocks                                                                                                                    ; 30           ;    ;
; Minimum number of node fan-out                                                                                                                                       ; 30           ;    ;
; Maximum number of nodes to report                                                                                                                                    ; 50           ;    ;
; Rule C101: Gated clock should be implemented according to the Altera standard scheme                                                                                 ; On           ;    ;
; Rule C102: Logic cell should not be used to generate an inverted clock signal                                                                                        ; On           ;    ;
; Rule C103: Gated clock does not feed at least a pre-defined number of clock ports to effectively save power                                                          ; On           ;    ;
; Rule C104: Clock signal source should drive only clock input ports                                                                                                   ; On           ;    ;
; Rule C105: Clock signal should be a global signal                                                                                                                    ; On           ;    ;
; Rule C106: Clock signal source should not drive registers triggered by different clock edges                                                                         ; On           ;    ;
; Rule R101: Combinational logic used as a reset signal should be synchronized                                                                                         ; On           ;    ;
; Rule R102: External reset signals should be synchronized using two cascaded registers                                                                                ; On           ;    ;
; Rule R103: External reset signal should be correctly synchronized                                                                                                    ; On           ;    ;
; Rule R104: The reset signal that is generated in one clock domain and used in another clock domain should be correctly synchronized                                  ; On           ;    ;
; Rule R105: The reset signal that is generated in one clock domain and used in another clock domain should be synchronized                                            ; On           ;    ;
; Rule T101: Nodes with more than the specified number of fan-outs                                                                                                     ; On           ;    ;
; Rule T102: Top nodes with the highest number of fan-outs                                                                                                             ; On           ;    ;
; Rule A101: Design should not contain combinational loops                                                                                                             ; On           ;    ;
; Rule A102: Register output should not drive its own control signal directly or through combinational logic                                                           ; On           ;    ;
; Rule A103: Design should not contain delay chains                                                                                                                    ; On           ;    ;
; Rule A104: Design should not contain ripple clock structures                                                                                                         ; On           ;    ;
; Rule A105: Pulses should not be implemented asynchronously                                                                                                           ; On           ;    ;
; Rule A106: Multiple pulses should not be generated in design                                                                                                         ; On           ;    ;
; Rule A107: Design should not contain SR latches                                                                                                                      ; On           ;    ;
; Rule A108: Design should not contain latches                                                                                                                         ; On           ;    ;
; Rule S101: Output enable and input of the same tri-state node should not be driven by same signal source                                                             ; On           ;    ;
; Rule S102: Synchronous port and asynchronous port of the same register should not be driven by the same signal source                                                ; On           ;    ;
; Rule S103: More than one asynchronous port of a register should not be driven by the same signal source                                                              ; On           ;    ;
; Rule S104: Clock port and any other port of a register should not be driven by the same signal source                                                                ; On           ;    ;
; Rule D101: Data bits are not synchronized when transferred between asynchronous clock domains                                                                        ; On           ;    ;
; Rule D102: Multiple data bits that are transferred across asynchronous clock domains are synchronized, but not all bits may be aligned in the receiving clock domain ; On           ;    ;
; Rule D103: Data bits are not correctly synchronized when transferred between asynchronous clock domains                                                              ; On           ;    ;
; Rule M101: Data bits are not synchronized when transferred to the state machine of asynchronous clock domains                                                        ; Off          ;    ;
; Rule M102: No reset signal defined to initialize the state machine                                                                                                   ; Off          ;    ;
; Rule M103: State machine should not contain an unreachable state                                                                                                     ; Off          ;    ;
; Rule M104: State machine should not contain a deadlock state                                                                                                         ; Off          ;    ;
; Rule M105: State machine should not contain a dead transition                                                                                                        ; Off          ;    ;
+----------------------------------------------------------------------------------------------------------------------------------------------------------------------+--------------+----+


+----------------------------------------------------------------------------------------------------------------------+
; Critical Violations                                                                                                  ;
+---------------------------------------------------------------------------------+------------------------------------+
; Rule name                                                                       ; Name                               ;
+---------------------------------------------------------------------------------+------------------------------------+
; Rule A101: Design should not contain combinational loops - Combinational loop 1 ;                                    ;
;  Combinational loop 1                                                           ; ball_next_logic:bl|direction_out~1 ;
;  Combinational loop 1                                                           ; ball_next_logic:bl|direction_out~0 ;
+---------------------------------------------------------------------------------+------------------------------------+


+------------------------------------------------------------------------------------------+
; High Violations                                                                          ;
+--------------------------------------------------------+---------------------------------+
; Rule name                                              ; Name                            ;
+--------------------------------------------------------+---------------------------------+
; Rule A108: Design should not contain latches - Latch 1 ;                                 ;
;  Latch 1                                               ; display_control:dc|select_op[1] ;
; Rule A108: Design should not contain latches - Latch 2 ;                                 ;
;  Latch 2                                               ; display_control:dc|select_op[2] ;
; Rule A108: Design should not contain latches - Latch 3 ;                                 ;
;  Latch 3                                               ; display_control:dc|colour[2]    ;
; Rule A108: Design should not contain latches - Latch 4 ;                                 ;
;  Latch 4                                               ; display_control:dc|select_op[0] ;
+--------------------------------------------------------+---------------------------------+


+-----------------------------------------------------------------------------------------------------------------------------------------------------------------------------------------------+
; Medium Violations                                                                                                                                                                             ;
+---------------------------------------------------------------------------------------+-------------------------------------------------------------------------------------------------------+
; Rule name                                                                             ; Name                                                                                                  ;
+---------------------------------------------------------------------------------------+-------------------------------------------------------------------------------------------------------+
; Rule C104: Clock signal source should drive only clock input ports                    ; CLOCK_50                                                                                              ;
;  Clock ports destination node(s) list                                                 ; vga_adapter:VGA|altsyncram:VideoMemory|altsyncram_m6m1:auto_generated|ram_block1a5~porta_address_reg6 ;
;  Clock ports destination node(s) list                                                 ; vga_adapter:VGA|altsyncram:VideoMemory|altsyncram_m6m1:auto_generated|ram_block1a5~porta_datain_reg12 ;
;  Clock ports destination node(s) list                                                 ; vga_adapter:VGA|altsyncram:VideoMemory|altsyncram_m6m1:auto_generated|ram_block1a5~porta_datain_reg2  ;
;  Clock ports destination node(s) list                                                 ; vga_adapter:VGA|altsyncram:VideoMemory|altsyncram_m6m1:auto_generated|ram_block1a5~porta_datain_reg14 ;
;  Clock ports destination node(s) list                                                 ; vga_adapter:VGA|altsyncram:VideoMemory|altsyncram_m6m1:auto_generated|ram_block1a5~porta_datain_reg11 ;
;  Clock ports destination node(s) list                                                 ; vga_adapter:VGA|altsyncram:VideoMemory|altsyncram_m6m1:auto_generated|ram_block1a5~porta_datain_reg10 ;
;  Clock ports destination node(s) list                                                 ; vga_adapter:VGA|altsyncram:VideoMemory|altsyncram_m6m1:auto_generated|ram_block1a5~porta_datain_reg1  ;
;  Clock ports destination node(s) list                                                 ; vga_adapter:VGA|altsyncram:VideoMemory|altsyncram_m6m1:auto_generated|ram_block1a5~porta_datain_reg9  ;
;  Clock ports destination node(s) list                                                 ; vga_adapter:VGA|altsyncram:VideoMemory|altsyncram_m6m1:auto_generated|ram_block1a5~porta_datain_reg4  ;
;  Clock ports destination node(s) list                                                 ; vga_adapter:VGA|altsyncram:VideoMemory|altsyncram_m6m1:auto_generated|ram_block1a5~porta_datain_reg13 ;
;  Non-clock ports destination node(s) list                                             ; vga_adapter:VGA|vga_pll:mypll|altpll:altpll_component|altpll_80u:auto_generated|generic_pll1          ;
; Rule R102: External reset signals should be synchronized using two cascaded registers ; KEY[0]                                                                                                ;
;  Reset signal destination node(s) list                                                ; vga_adapter:VGA|vga_controller:controller|xCounter[8]                                                 ;
;  Reset signal destination node(s) list                                                ; vga_adapter:VGA|vga_controller:controller|xCounter[7]                                                 ;
;  Reset signal destination node(s) list                                                ; vga_adapter:VGA|vga_controller:controller|xCounter[4]                                                 ;
;  Reset signal destination node(s) list                                                ; vga_adapter:VGA|vga_controller:controller|xCounter[3]                                                 ;
;  Reset signal destination node(s) list                                                ; vga_adapter:VGA|vga_controller:controller|xCounter[2]                                                 ;
;  Reset signal destination node(s) list                                                ; vga_adapter:VGA|vga_controller:controller|xCounter[1]                                                 ;
;  Reset signal destination node(s) list                                                ; vga_adapter:VGA|vga_controller:controller|xCounter[0]                                                 ;
;  Reset signal destination node(s) list                                                ; vga_adapter:VGA|vga_controller:controller|xCounter[9]                                                 ;
;  Reset signal destination node(s) list                                                ; vga_adapter:VGA|vga_controller:controller|yCounter[3]                                                 ;
;  Reset signal destination node(s) list                                                ; vga_adapter:VGA|vga_controller:controller|yCounter[2]                                                 ;
+---------------------------------------------------------------------------------------+-------------------------------------------------------------------------------------------------------+


+----------------------------------------------------------------------------------------------------------------------------------------------------------------------------------------------+
; Information only Violations                                                                                                                                                                  ;
+------------------------------------------------------------------+-----------------------------------------------------------------------------------------------------------------+---------+
; Rule name                                                        ; Name                                                                                                            ; Fan-Out ;
+------------------------------------------------------------------+-----------------------------------------------------------------------------------------------------------------+---------+
; Rule T101: Nodes with more than the specified number of fan-outs ; CLOCK_50~inputCLKENA0                                                                                           ; 333     ;
; Rule T101: Nodes with more than the specified number of fan-outs ; vga_adapter:VGA|vga_pll:mypll|altpll:altpll_component|altpll_80u:auto_generated|clk[0]~CLKENA0                  ; 43      ;
; Rule T101: Nodes with more than the specified number of fan-outs ; display_control:dc|WideOr10                                                                                     ; 58      ;
; Rule T101: Nodes with more than the specified number of fan-outs ; frame:fr|rate_counter[15]~0                                                                                     ; 52      ;
; Rule T101: Nodes with more than the specified number of fan-outs ; display_control:dc|colour[2]                                                                                    ; 121     ;
; Rule T101: Nodes with more than the specified number of fan-outs ; sound_mod:sm|audio_and_video_config:cfg|Altera_UP_I2C_AV_Auto_Initialize:Auto_Initialize|rom_address_counter[1] ; 32      ;
; Rule T101: Nodes with more than the specified number of fan-outs ; sound_mod:sm|audio_codec:codec|Altera_UP_Audio_Out_Serializer:Audio_Out_Serializer|read_right_channel~0         ; 40      ;
; Rule T101: Nodes with more than the specified number of fan-outs ; sound_mod:sm|audio_codec:codec|Altera_UP_Audio_Out_Serializer:Audio_Out_Serializer|read_left_channel            ; 40      ;
; Rule T101: Nodes with more than the specified number of fan-outs ; sound_mod:sm|sound_control:sc|writedata_right[16]~1                                                             ; 32      ;
; Rule T102: Top nodes with the highest number of fan-outs         ; CLOCK_50~inputCLKENA0                                                                                           ; 333     ;
; Rule T102: Top nodes with the highest number of fan-outs         ; display_control:dc|colour[2]                                                                                    ; 121     ;
; Rule T102: Top nodes with the highest number of fan-outs         ; display_control:dc|WideOr10                                                                                     ; 58      ;
; Rule T102: Top nodes with the highest number of fan-outs         ; frame:fr|rate_counter[15]~0                                                                                     ; 52      ;
; Rule T102: Top nodes with the highest number of fan-outs         ; vga_adapter:VGA|vga_pll:mypll|altpll:altpll_component|altpll_80u:auto_generated|clk[0]~CLKENA0                  ; 43      ;
; Rule T102: Top nodes with the highest number of fan-outs         ; sound_mod:sm|audio_codec:codec|Altera_UP_Audio_Out_Serializer:Audio_Out_Serializer|read_right_channel~0         ; 40      ;
; Rule T102: Top nodes with the highest number of fan-outs         ; sound_mod:sm|audio_codec:codec|Altera_UP_Audio_Out_Serializer:Audio_Out_Serializer|read_left_channel            ; 40      ;
; Rule T102: Top nodes with the highest number of fan-outs         ; sound_mod:sm|audio_and_video_config:cfg|Altera_UP_I2C_AV_Auto_Initialize:Auto_Initialize|rom_address_counter[1] ; 32      ;
; Rule T102: Top nodes with the highest number of fan-outs         ; sound_mod:sm|sound_control:sc|writedata_right[16]~1                                                             ; 32      ;
; Rule T102: Top nodes with the highest number of fan-outs         ; sound_mod:sm|audio_and_video_config:cfg|Altera_UP_I2C_AV_Auto_Initialize:Auto_Initialize|rom_address_counter[2] ; 30      ;
; Rule T102: Top nodes with the highest number of fan-outs         ; ball_next_logic:bl|Equal1~1                                                                                     ; 30      ;
; Rule T102: Top nodes with the highest number of fan-outs         ; sound_mod:sm|audio_and_video_config:cfg|Altera_UP_I2C_AV_Auto_Initialize:Auto_Initialize|rom_address_counter[0] ; 29      ;
; Rule T102: Top nodes with the highest number of fan-outs         ; sound_mod:sm|audio_and_video_config:cfg|Altera_UP_I2C_AV_Auto_Initialize:Auto_Initialize|rom_address_counter[3] ; 29      ;
; Rule T102: Top nodes with the highest number of fan-outs         ; display_control:dc|select_op[0]                                                                                 ; 29      ;
; Rule T102: Top nodes with the highest number of fan-outs         ; ball_next_logic:bl|win~0                                                                                        ; 26      ;
; Rule T102: Top nodes with the highest number of fan-outs         ; vga_adapter:VGA|vga_controller:controller|Equal0~2                                                              ; 24      ;
; Rule T102: Top nodes with the highest number of fan-outs         ; sound_mod:sm|audio_codec:codec|Altera_UP_Audio_Out_Serializer:Audio_Out_Serializer|data_out_shift_reg[8]~3      ; 23      ;
; Rule T102: Top nodes with the highest number of fan-outs         ; sound_mod:sm|audio_codec:codec|Altera_UP_Audio_Out_Serializer:Audio_Out_Serializer|data_out_shift_reg[8]~1      ; 23      ;
; Rule T102: Top nodes with the highest number of fan-outs         ; display_control:dc|select_op[2]                                                                                 ; 21      ;
; Rule T102: Top nodes with the highest number of fan-outs         ; display_control:dc|select_op[1]                                                                                 ; 20      ;
; Rule T102: Top nodes with the highest number of fan-outs         ; sound_mod:sm|audio_and_video_config:cfg|Altera_UP_I2C_AV_Auto_Initialize:Auto_Initialize|rom_address_counter[4] ; 20      ;
; Rule T102: Top nodes with the highest number of fan-outs         ; sound_mod:sm|audio_and_video_config:cfg|Altera_UP_I2C_AV_Auto_Initialize:Auto_Initialize|rom_address_counter[5] ; 19      ;
; Rule T102: Top nodes with the highest number of fan-outs         ; player_control:p2|p_out[6]~2                                                                                    ; 17      ;
; Rule T102: Top nodes with the highest number of fan-outs         ; ball_reg:br|ball_out[3]                                                                                         ; 16      ;
; Rule T102: Top nodes with the highest number of fan-outs         ; player_control:p2|p_out[6]~0                                                                                    ; 16      ;
; Rule T102: Top nodes with the highest number of fan-outs         ; ball_reg:br|direction_out[0]                                                                                    ; 15      ;
; Rule T102: Top nodes with the highest number of fan-outs         ; ball_reg:br|ball_out[4]                                                                                         ; 15      ;
; Rule T102: Top nodes with the highest number of fan-outs         ; ball_reg:br|ball_out[2]                                                                                         ; 15      ;
; Rule T102: Top nodes with the highest number of fan-outs         ; sound_mod:sm|audio_codec:codec|Altera_UP_Audio_Out_Serializer:Audio_Out_Serializer|comb~1                       ; 14      ;
; Rule T102: Top nodes with the highest number of fan-outs         ; display_module:dm|done                                                                                          ; 14      ;
; Rule T102: Top nodes with the highest number of fan-outs         ; score_display:sd|score_counter:sc|p1_score[0]                                                                   ; 14      ;
; Rule T102: Top nodes with the highest number of fan-outs         ; ball_reg:br|speed_out[4]                                                                                        ; 14      ;
; Rule T102: Top nodes with the highest number of fan-outs         ; sound_mod:sm|audio_codec:codec|Altera_UP_Audio_Out_Serializer:Audio_Out_Serializer|comb~2                       ; 14      ;
; Rule T102: Top nodes with the highest number of fan-outs         ; sound_mod:sm|sound_control:sc|writedata_right[23]~0                                                             ; 14      ;
; Rule T102: Top nodes with the highest number of fan-outs         ; ball_next_logic:bl|Equal4~1                                                                                     ; 13      ;
; Rule T102: Top nodes with the highest number of fan-outs         ; sound_mod:sm|audio_and_video_config:cfg|Altera_UP_I2C_AV_Auto_Initialize:Auto_Initialize|data_out[7]~0          ; 13      ;
; Rule T102: Top nodes with the highest number of fan-outs         ; ball_next_logic:bl|Equal2~1                                                                                     ; 13      ;
; Rule T102: Top nodes with the highest number of fan-outs         ; ball_reg:br|ball_out[5]                                                                                         ; 13      ;
; Rule T102: Top nodes with the highest number of fan-outs         ; sound_mod:sm|audio_and_video_config:cfg|Altera_UP_I2C:I2C_Controller|s_i2c_transceiver.I2C_STATE_6_COMPLETE     ; 12      ;
; Rule T102: Top nodes with the highest number of fan-outs         ; ball_reg:br|ball_out[6]                                                                                         ; 12      ;
; Rule T102: Top nodes with the highest number of fan-outs         ; vga_adapter:VGA|vga_controller:controller|xCounter[4]                                                           ; 12      ;
; Rule T102: Top nodes with the highest number of fan-outs         ; score_display:sd|score_counter:sc|p2_score[0]                                                                   ; 12      ;
; Rule T102: Top nodes with the highest number of fan-outs         ; ball_reg:br|ball_out[1]                                                                                         ; 12      ;
; Rule T102: Top nodes with the highest number of fan-outs         ; vga_adapter:VGA|vga_controller:controller|always1~3                                                             ; 12      ;
; Rule T102: Top nodes with the highest number of fan-outs         ; ball_next_logic:bl|always0~2                                                                                    ; 11      ;
; Rule T102: Top nodes with the highest number of fan-outs         ; frame:fr|Equal0~4                                                                                               ; 11      ;
; Rule T102: Top nodes with the highest number of fan-outs         ; vga_adapter:VGA|vga_controller:controller|xCounter[3]                                                           ; 11      ;
; Rule T102: Top nodes with the highest number of fan-outs         ; score_display:sd|score_counter:sc|p2_score[1]                                                                   ; 11      ;
; Rule T102: Top nodes with the highest number of fan-outs         ; ball_reg:br|speed_out[0]                                                                                        ; 11      ;
; Rule T102: Top nodes with the highest number of fan-outs         ; score_display:sd|score_counter:sc|p1_score[1]                                                                   ; 11      ;
+------------------------------------------------------------------+-----------------------------------------------------------------------------------------------------------------+---------+


+---------------------------+
; Design Assistant Messages ;
+---------------------------+
Info: *******************************************************************
Info: Running Quartus II 64-Bit Design Assistant
    Info: Version 15.0.0 Build 145 04/22/2015 SJ Full Version
    Info: Processing started: Wed Apr 06 21:12:21 2016
Info: Command: quartus_drc --read_settings_files=on --write_settings_files=off dummy_tennis -c dummy_tennis
Warning (335093): TimeQuest Timing Analyzer is analyzing 4 combinational loops as latches.
Critical Warning (332012): Synopsys Design Constraints File file not found: 'dummy_tennis.sdc'. A Synopsys Design Constraints File is required by the TimeQuest Timing Analyzer to get proper timing constraints. Without it, the Compiler will not properly optimize the design.
Info (332144): No user constrained generated clocks found in the design
Info (332144): No user constrained base clocks found in the design
Warning (332125): Found combinational loop of 4 nodes
    Warning (332126): Node "bl|direction_out~1|combout"
    Warning (332126): Node "bl|direction_out~0|dataa"
    Warning (332126): Node "bl|direction_out~0|combout"
    Warning (332126): Node "bl|direction_out~1|dataa"
Info (332097): The following timing edges are non-unate.  TimeQuest will assume pos-unate behavior for these edges in the clock network.
    Info (332098): Cell: VGA|mypll|altpll_component|auto_generated|generic_pll1~FRACTIONAL_PLL  from: refclkin  to: fbclk
    Info (332098): Cell: VGA|mypll|altpll_component|auto_generated|generic_pll1~PLL_OUTPUT_COUNTER  from: vco0ph[0]  to: divclk
    Info (332098): Cell: VGA|mypll|altpll_component|auto_generated|generic_pll1~PLL_REFCLK_SELECT  from: clkin[0]  to: clkout
    Info (332098): Cell: sm|my_clock_gen|DE_Clock_Generator_Audio|auto_generated|generic_pll1~FRACTIONAL_PLL  from: refclkin  to: fbclk
    Info (332098): Cell: sm|my_clock_gen|DE_Clock_Generator_Audio|auto_generated|generic_pll1~PLL_OUTPUT_COUNTER  from: vco0ph[0]  to: divclk
    Info (332098): Cell: sm|my_clock_gen|DE_Clock_Generator_Audio|auto_generated|generic_pll1~PLL_REFCLK_SELECT  from: clkin[0]  to: clkout
Info (332143): No user constrained clock uncertainty found in the design. Calling "derive_clock_uncertainty"
Info (332123): Deriving Clock Uncertainty. Please refer to report_sdc in TimeQuest to see clock uncertainties.
Critical Warning (308037): (Critical) Rule A101: Design should not contain combinational loops. Found 1 combinational loop(s) related to this rule.
    Critical Warning (308012): Node  "ball_next_logic:bl|direction_out~1"
Critical Warning (308055): (High) Rule A108: Design should not contain latches. Found 4 latch(es) related to this rule.
    Critical Warning (308012): Node  "display_control:dc|select_op[1]"
    Critical Warning (308012): Node  "display_control:dc|select_op[2]"
    Critical Warning (308012): Node  "display_control:dc|colour[2]"
    Critical Warning (308012): Node  "display_control:dc|select_op[0]"
Warning (308040): (Medium) Rule C104: Clock signal source should drive only clock input ports. Found 1 nodes related to this rule.
    Warning (308010): Node  "CLOCK_50"
Warning (308023): (Medium) Rule R102: External reset signals should be synchronized using two cascaded registers. Found 1 node(s) related to this rule.
    Warning (308010): Node  "KEY[0]"
Info (308046): (Information) Rule T101: Nodes with more than the specified number of fan-outs. (Value defined:30). Found 9 node(s) with highest fan-out.
    Info (308011): Node  "CLOCK_50~inputCLKENA0"
    Info (308011): Node  "vga_adapter:VGA|vga_pll:mypll|altpll:altpll_component|altpll_80u:auto_generated|clk[0]~CLKENA0"
    Info (308011): Node  "display_control:dc|WideOr10"
    Info (308011): Node  "frame:fr|rate_counter[15]~0"
    Info (308011): Node  "display_control:dc|colour[2]"
    Info (308011): Node  "sound_mod:sm|audio_and_video_config:cfg|Altera_UP_I2C_AV_Auto_Initialize:Auto_Initialize|rom_address_counter[1]"
    Info (308011): Node  "sound_mod:sm|audio_codec:codec|Altera_UP_Audio_Out_Serializer:Audio_Out_Serializer|read_right_channel~0"
    Info (308011): Node  "sound_mod:sm|audio_codec:codec|Altera_UP_Audio_Out_Serializer:Audio_Out_Serializer|read_left_channel"
    Info (308011): Node  "sound_mod:sm|sound_control:sc|writedata_right[16]~1"
Info (308044): (Information) Rule T102: Top nodes with the highest number of fan-outs. (Value defined:50). Found 50 node(s) with highest fan-out.
    Info (308011): Node  "CLOCK_50~inputCLKENA0"
    Info (308011): Node  "display_control:dc|colour[2]"
    Info (308011): Node  "display_control:dc|WideOr10"
    Info (308011): Node  "frame:fr|rate_counter[15]~0"
    Info (308011): Node  "vga_adapter:VGA|vga_pll:mypll|altpll:altpll_component|altpll_80u:auto_generated|clk[0]~CLKENA0"
    Info (308011): Node  "sound_mod:sm|audio_codec:codec|Altera_UP_Audio_Out_Serializer:Audio_Out_Serializer|read_right_channel~0"
    Info (308011): Node  "sound_mod:sm|audio_codec:codec|Altera_UP_Audio_Out_Serializer:Audio_Out_Serializer|read_left_channel"
    Info (308011): Node  "sound_mod:sm|audio_and_video_config:cfg|Altera_UP_I2C_AV_Auto_Initialize:Auto_Initialize|rom_address_counter[1]"
    Info (308011): Node  "sound_mod:sm|sound_control:sc|writedata_right[16]~1"
    Info (308011): Node  "sound_mod:sm|audio_and_video_config:cfg|Altera_UP_I2C_AV_Auto_Initialize:Auto_Initialize|rom_address_counter[2]"
    Info (308011): Node  "ball_next_logic:bl|Equal1~1"
    Info (308011): Node  "sound_mod:sm|audio_and_video_config:cfg|Altera_UP_I2C_AV_Auto_Initialize:Auto_Initialize|rom_address_counter[0]"
    Info (308011): Node  "sound_mod:sm|audio_and_video_config:cfg|Altera_UP_I2C_AV_Auto_Initialize:Auto_Initialize|rom_address_counter[3]"
    Info (308011): Node  "display_control:dc|select_op[0]"
    Info (308011): Node  "ball_next_logic:bl|win~0"
    Info (308011): Node  "vga_adapter:VGA|vga_controller:controller|Equal0~2"
    Info (308011): Node  "sound_mod:sm|audio_codec:codec|Altera_UP_Audio_Out_Serializer:Audio_Out_Serializer|data_out_shift_reg[8]~3"
    Info (308011): Node  "sound_mod:sm|audio_codec:codec|Altera_UP_Audio_Out_Serializer:Audio_Out_Serializer|data_out_shift_reg[8]~1"
    Info (308011): Node  "display_control:dc|select_op[2]"
    Info (308011): Node  "display_control:dc|select_op[1]"
    Info (308011): Node  "sound_mod:sm|audio_and_video_config:cfg|Altera_UP_I2C_AV_Auto_Initialize:Auto_Initialize|rom_address_counter[4]"
    Info (308011): Node  "sound_mod:sm|audio_and_video_config:cfg|Altera_UP_I2C_AV_Auto_Initialize:Auto_Initialize|rom_address_counter[5]"
    Info (308011): Node  "player_control:p2|p_out[6]~2"
    Info (308011): Node  "ball_reg:br|ball_out[3]"
    Info (308011): Node  "player_control:p2|p_out[6]~0"
    Info (308011): Node  "ball_reg:br|direction_out[0]"
    Info (308011): Node  "ball_reg:br|ball_out[4]"
    Info (308011): Node  "ball_reg:br|ball_out[2]"
    Info (308011): Node  "sound_mod:sm|audio_codec:codec|Altera_UP_Audio_Out_Serializer:Audio_Out_Serializer|comb~1"
    Info (308011): Node  "display_module:dm|done"
    Info (308002): Truncated list of Design Assistant messages to 30 messages. Go to sections under Design Assistant section of Compilation Report for complete lists of Design Assistant messages generated.
Info (308007): Design Assistant information: finished post-fitting analysis of current design -- generated 59 information messages and 7 warning messages
Info: Quartus II 64-Bit Design Assistant was successful. 0 errors, 18 warnings
    Info: Peak virtual memory: 711 megabytes
    Info: Processing ended: Wed Apr 06 21:12:23 2016
    Info: Elapsed time: 00:00:02
    Info: Total CPU time (on all processors): 00:00:01


